Determining if the Q_WS_X11 exist failed with the following output:
Change Dir: /Users/owen/projects/CS4120/pa/pa7/pa7/QtXi/libQtXi/CMakeFiles/CMakeTmp

Run Build Command:"/usr/bin/make" "cmTC_48fd3/fast"
/Applications/Xcode.app/Contents/Developer/usr/bin/make -f CMakeFiles/cmTC_48fd3.dir/build.make CMakeFiles/cmTC_48fd3.dir/build
Building CXX object CMakeFiles/cmTC_48fd3.dir/CheckSymbolExists.cxx.o
/Applications/Xcode.app/Contents/Developer/Toolchains/XcodeDefault.xctoolchain/usr/bin/c++    -I/usr/local/Cellar/qt/4.8.7_2/include -F/usr/local/Cellar/qt/4.8.7_2/lib   -o CMakeFiles/cmTC_48fd3.dir/CheckSymbolExists.cxx.o -c /Users/owen/projects/CS4120/pa/pa7/pa7/QtXi/libQtXi/CMakeFiles/CMakeTmp/CheckSymbolExists.cxx
/Users/owen/projects/CS4120/pa/pa7/pa7/QtXi/libQtXi/CMakeFiles/CMakeTmp/CheckSymbolExists.cxx:8:19: error: use of undeclared identifier 'Q_WS_X11'
  return ((int*)(&Q_WS_X11))[argc];
                  ^
1 error generated.
make[1]: *** [CMakeFiles/cmTC_48fd3.dir/CheckSymbolExists.cxx.o] Error 1
make: *** [cmTC_48fd3/fast] Error 2

File /Users/owen/projects/CS4120/pa/pa7/pa7/QtXi/libQtXi/CMakeFiles/CMakeTmp/CheckSymbolExists.cxx:
/* */
#include <QtCore/qglobal.h>

int main(int argc, char** argv)
{
  (void)argv;
#ifndef Q_WS_X11
  return ((int*)(&Q_WS_X11))[argc];
#else
  (void)argc;
  return 0;
#endif
}

Determining if the Q_WS_WIN exist failed with the following output:
Change Dir: /Users/owen/projects/CS4120/pa/pa7/pa7/QtXi/libQtXi/CMakeFiles/CMakeTmp

Run Build Command:"/usr/bin/make" "cmTC_c4945/fast"
/Applications/Xcode.app/Contents/Developer/usr/bin/make -f CMakeFiles/cmTC_c4945.dir/build.make CMakeFiles/cmTC_c4945.dir/build
Building CXX object CMakeFiles/cmTC_c4945.dir/CheckSymbolExists.cxx.o
/Applications/Xcode.app/Contents/Developer/Toolchains/XcodeDefault.xctoolchain/usr/bin/c++    -I/usr/local/Cellar/qt/4.8.7_2/include -F/usr/local/Cellar/qt/4.8.7_2/lib   -o CMakeFiles/cmTC_c4945.dir/CheckSymbolExists.cxx.o -c /Users/owen/projects/CS4120/pa/pa7/pa7/QtXi/libQtXi/CMakeFiles/CMakeTmp/CheckSymbolExists.cxx
/Users/owen/projects/CS4120/pa/pa7/pa7/QtXi/libQtXi/CMakeFiles/CMakeTmp/CheckSymbolExists.cxx:8:19: error: use of undeclared identifier 'Q_WS_WIN'
  return ((int*)(&Q_WS_WIN))[argc];
                  ^
1 error generated.
make[1]: *** [CMakeFiles/cmTC_c4945.dir/CheckSymbolExists.cxx.o] Error 1
make: *** [cmTC_c4945/fast] Error 2

File /Users/owen/projects/CS4120/pa/pa7/pa7/QtXi/libQtXi/CMakeFiles/CMakeTmp/CheckSymbolExists.cxx:
/* */
#include <QtCore/qglobal.h>

int main(int argc, char** argv)
{
  (void)argv;
#ifndef Q_WS_WIN
  return ((int*)(&Q_WS_WIN))[argc];
#else
  (void)argc;
  return 0;
#endif
}

Determining if the Q_WS_QWS exist failed with the following output:
Change Dir: /Users/owen/projects/CS4120/pa/pa7/pa7/QtXi/libQtXi/CMakeFiles/CMakeTmp

Run Build Command:"/usr/bin/make" "cmTC_fa7bd/fast"
/Applications/Xcode.app/Contents/Developer/usr/bin/make -f CMakeFiles/cmTC_fa7bd.dir/build.make CMakeFiles/cmTC_fa7bd.dir/build
Building CXX object CMakeFiles/cmTC_fa7bd.dir/CheckSymbolExists.cxx.o
/Applications/Xcode.app/Contents/Developer/Toolchains/XcodeDefault.xctoolchain/usr/bin/c++    -I/usr/local/Cellar/qt/4.8.7_2/include -F/usr/local/Cellar/qt/4.8.7_2/lib   -o CMakeFiles/cmTC_fa7bd.dir/CheckSymbolExists.cxx.o -c /Users/owen/projects/CS4120/pa/pa7/pa7/QtXi/libQtXi/CMakeFiles/CMakeTmp/CheckSymbolExists.cxx
/Users/owen/projects/CS4120/pa/pa7/pa7/QtXi/libQtXi/CMakeFiles/CMakeTmp/CheckSymbolExists.cxx:8:19: error: use of undeclared identifier 'Q_WS_QWS'
  return ((int*)(&Q_WS_QWS))[argc];
                  ^
1 error generated.
make[1]: *** [CMakeFiles/cmTC_fa7bd.dir/CheckSymbolExists.cxx.o] Error 1
make: *** [cmTC_fa7bd/fast] Error 2

File /Users/owen/projects/CS4120/pa/pa7/pa7/QtXi/libQtXi/CMakeFiles/CMakeTmp/CheckSymbolExists.cxx:
/* */
#include <QtCore/qglobal.h>

int main(int argc, char** argv)
{
  (void)argv;
#ifndef Q_WS_QWS
  return ((int*)(&Q_WS_QWS))[argc];
#else
  (void)argc;
  return 0;
#endif
}

